# JRE version: OpenJDK Runtime Environment (21.0.6) (build 21.0.6+-13355223-b631.42)
# Java VM: OpenJDK 64-Bit Server VM (21.0.6+-13355223-b631.42, mixed mode, tiered, compressed oops, compressed class ptrs, g1 gc, windows-amd64)
GC Precious Log:
 CardTable entry size: 512
 Card Set container configuration: InlinePtr #cards 5 size 8 Array Of Cards #cards 12 size 40 Howl #buckets 4 coarsen threshold 1843 Howl Bitmap #cards 512 size 80 coarsen threshold 460 Card regions per heap region 1 cards per card region 2048
 CPUs: 2 total, 2 available
 Memory: 12203M
 Large Page Support: Disabled
 NUMA Support: Disabled
 Compressed Oops: Enabled (32-bit)
 Heap Region Size: 1M
 Heap Min Capacity: 8M
 Heap Initial Capacity: 192M
 Heap Max Capacity: 2G
 Pre-touch: Disabled
 Parallel Workers: 2
 Concurrent Workers: 1
 Concurrent Refinement Workers: 2
 Periodic GC: Disabled
Heap:
 garbage-first heap   total 303104K, used 271360K [0x0000000080000000, 0x0000000100000000)
  region size 1024K, 104 young (106496K), 10 survivors (10240K)
 Metaspace       used 139797K, committed 142208K, reserved 1179648K
  class space    used 18057K, committed 19520K, reserved 1048576K
GC Heap History (20 events):
Event: 1589.252 GC heap before
{Heap before GC invocations=72 (full 0):
 garbage-first heap   total 282624K, used 211968K [0x0000000080000000, 0x0000000100000000)
  region size 1024K, 80 young (81920K), 2 survivors (2048K)
 Metaspace       used 138661K, committed 140928K, reserved 1179648K
  class space    used 18314K, committed 19456K, reserved 1048576K
}
Event: 1589.269 GC heap after
{Heap after GC invocations=73 (full 0):
 garbage-first heap   total 282624K, used 135998K [0x0000000080000000, 0x0000000100000000)
  region size 1024K, 5 young (5120K), 5 survivors (5120K)
 Metaspace       used 138661K, committed 140928K, reserved 1179648K
  class space    used 18314K, committed 19456K, reserved 1048576K
}
Event: 1592.143 GC heap before
{Heap before GC invocations=73 (full 0):
 garbage-first heap   total 282624K, used 249662K [0x0000000080000000, 0x0000000100000000)
  region size 1024K, 101 young (103424K), 5 survivors (5120K)
 Metaspace       used 138807K, committed 141184K, reserved 1179648K
  class space    used 18316K, committed 19520K, reserved 1048576K
}
Event: 1592.208 GC heap after
{Heap after GC invocations=74 (full 0):
 garbage-first heap   total 284672K, used 163840K [0x0000000080000000, 0x0000000100000000)
  region size 1024K, 13 young (13312K), 13 survivors (13312K)
 Metaspace       used 138807K, committed 141184K, reserved 1179648K
  class space    used 18316K, committed 19520K, reserved 1048576K
}
Event: 1594.423 GC heap before
{Heap before GC invocations=74 (full 0):
 garbage-first heap   total 284672K, used 253952K [0x0000000080000000, 0x0000000100000000)
  region size 1024K, 87 young (89088K), 13 survivors (13312K)
 Metaspace       used 138942K, committed 141312K, reserved 1179648K
  class space    used 18317K, committed 19520K, reserved 1048576K
}
Event: 1594.500 GC heap after
{Heap after GC invocations=75 (full 0):
 garbage-first heap   total 284672K, used 160256K [0x0000000080000000, 0x0000000100000000)
  region size 1024K, 10 young (10240K), 10 survivors (10240K)
 Metaspace       used 138942K, committed 141312K, reserved 1179648K
  class space    used 18317K, committed 19520K, reserved 1048576K
}
Event: 1596.775 GC heap before
{Heap before GC invocations=75 (full 0):
 garbage-first heap   total 284672K, used 240128K [0x0000000080000000, 0x0000000100000000)
  region size 1024K, 88 young (90112K), 10 survivors (10240K)
 Metaspace       used 139004K, committed 141376K, reserved 1179648K
  class space    used 18317K, committed 19520K, reserved 1048576K
}
Event: 1596.789 GC heap after
{Heap after GC invocations=76 (full 0):
 garbage-first heap   total 284672K, used 160256K [0x0000000080000000, 0x0000000100000000)
  region size 1024K, 2 young (2048K), 2 survivors (2048K)
 Metaspace       used 139004K, committed 141376K, reserved 1179648K
  class space    used 18317K, committed 19520K, reserved 1048576K
}
Event: 1820.778 GC heap before
{Heap before GC invocations=77 (full 0):
 garbage-first heap   total 284672K, used 254464K [0x0000000080000000, 0x0000000100000000)
  region size 1024K, 86 young (88064K), 2 survivors (2048K)
 Metaspace       used 139162K, committed 141568K, reserved 1179648K
  class space    used 18318K, committed 19520K, reserved 1048576K
}
Event: 1820.800 GC heap after
{Heap after GC invocations=78 (full 0):
 garbage-first heap   total 284672K, used 157553K [0x0000000080000000, 0x0000000100000000)
  region size 1024K, 2 young (2048K), 2 survivors (2048K)
 Metaspace       used 139162K, committed 141568K, reserved 1179648K
  class space    used 18318K, committed 19520K, reserved 1048576K
}
Event: 2850.920 GC heap before
{Heap before GC invocations=78 (full 0):
 garbage-first heap   total 284672K, used 250737K [0x0000000080000000, 0x0000000100000000)
  region size 1024K, 94 young (96256K), 2 survivors (2048K)
 Metaspace       used 139337K, committed 141696K, reserved 1179648K
  class space    used 18324K, committed 19520K, reserved 1048576K
}
Event: 2850.943 GC heap after
{Heap after GC invocations=79 (full 0):
 garbage-first heap   total 284672K, used 137592K [0x0000000080000000, 0x0000000100000000)
  region size 1024K, 3 young (3072K), 3 survivors (3072K)
 Metaspace       used 139337K, committed 141696K, reserved 1179648K
  class space    used 18324K, committed 19520K, reserved 1048576K
}
Event: 2853.060 GC heap before
{Heap before GC invocations=79 (full 0):
 garbage-first heap   total 284672K, used 225656K [0x0000000080000000, 0x0000000100000000)
  region size 1024K, 91 young (93184K), 3 survivors (3072K)
 Metaspace       used 139715K, committed 142016K, reserved 1179648K
  class space    used 18352K, committed 19520K, reserved 1048576K
}
Event: 2853.096 GC heap after
{Heap after GC invocations=80 (full 0):
 garbage-first heap   total 284672K, used 151888K [0x0000000080000000, 0x0000000100000000)
  region size 1024K, 14 young (14336K), 14 survivors (14336K)
 Metaspace       used 139715K, committed 142016K, reserved 1179648K
  class space    used 18352K, committed 19520K, reserved 1048576K
}
Event: 2855.591 GC heap before
{Heap before GC invocations=81 (full 0):
 garbage-first heap   total 284672K, used 263504K [0x0000000080000000, 0x0000000100000000)
  region size 1024K, 110 young (112640K), 14 survivors (14336K)
 Metaspace       used 137124K, committed 142016K, reserved 1179648K
  class space    used 17728K, committed 19520K, reserved 1048576K
}
Event: 2855.688 GC heap after
{Heap after GC invocations=82 (full 0):
 garbage-first heap   total 303104K, used 160256K [0x0000000080000000, 0x0000000100000000)
  region size 1024K, 14 young (14336K), 14 survivors (14336K)
 Metaspace       used 137124K, committed 142016K, reserved 1179648K
  class space    used 17728K, committed 19520K, reserved 1048576K
}
Event: 2858.724 GC heap before
{Heap before GC invocations=82 (full 0):
 garbage-first heap   total 303104K, used 255488K [0x0000000080000000, 0x0000000100000000)
  region size 1024K, 108 young (110592K), 14 survivors (14336K)
 Metaspace       used 137158K, committed 142016K, reserved 1179648K
  class space    used 17728K, committed 19520K, reserved 1048576K
}
Event: 2858.774 GC heap after
{Heap after GC invocations=83 (full 0):
 garbage-first heap   total 303104K, used 145408K [0x0000000080000000, 0x0000000100000000)
  region size 1024K, 3 young (3072K), 3 survivors (3072K)
 Metaspace       used 137158K, committed 142016K, reserved 1179648K
  class space    used 17728K, committed 19520K, reserved 1048576K
}
Event: 2863.428 GC heap before
{Heap before GC invocations=83 (full 0):
 garbage-first heap   total 303104K, used 250880K [0x0000000080000000, 0x0000000100000000)
  region size 1024K, 107 young (109568K), 3 survivors (3072K)
 Metaspace       used 139359K, committed 142016K, reserved 1179648K
  class space    used 18015K, committed 19520K, reserved 1048576K
}
Event: 2863.450 GC heap after
{Heap after GC invocations=84 (full 0):
 garbage-first heap   total 303104K, used 152576K [0x0000000080000000, 0x0000000100000000)
  region size 1024K, 10 young (10240K), 10 survivors (10240K)
 Metaspace       used 139359K, committed 142016K, reserved 1179648K
  class space    used 18015K, committed 19520K, reserved 1048576K
}

