# JRE version: OpenJDK Runtime Environment (21.0.6) (build 21.0.6+-13355223-b631.42)
# Java VM: OpenJDK 64-Bit Server VM (21.0.6+-13355223-b631.42, mixed mode, tiered, compressed oops, compressed class ptrs, g1 gc, windows-amd64)
GC Precious Log:
 CardTable entry size: 512
 Card Set container configuration: InlinePtr #cards 5 size 8 Array Of Cards #cards 12 size 40 Howl #buckets 4 coarsen threshold 1843 Howl Bitmap #cards 512 size 80 coarsen threshold 460 Card regions per heap region 1 cards per card region 2048
 CPUs: 2 total, 2 available
 Memory: 12203M
 Large Page Support: Disabled
 NUMA Support: Disabled
 Compressed Oops: Enabled (32-bit)
 Heap Region Size: 1M
 Heap Min Capacity: 8M
 Heap Initial Capacity: 192M
 Heap Max Capacity: 2G
 Pre-touch: Disabled
 Parallel Workers: 2
 Concurrent Workers: 1
 Concurrent Refinement Workers: 2
 Periodic GC: Disabled
Heap:
 garbage-first heap   total 186368K, used 182930K [0x0000000080000000, 0x0000000100000000)
  region size 1024K, 39 young (39936K), 2 survivors (2048K)
 Metaspace       used 113791K, committed 115904K, reserved 1179648K
  class space    used 15402K, committed 16448K, reserved 1048576K
GC Heap History (20 events):
Event: 28.760 GC heap after
{Heap after GC invocations=30 (full 0):
 garbage-first heap   total 134144K, used 74752K [0x0000000080000000, 0x0000000100000000)
  region size 1024K, 4 young (4096K), 4 survivors (4096K)
 Metaspace       used 92714K, committed 94656K, reserved 1179648K
  class space    used 12648K, committed 13632K, reserved 1048576K
}
Event: 30.139 GC heap before
{Heap before GC invocations=31 (full 0):
 garbage-first heap   total 134144K, used 121856K [0x0000000080000000, 0x0000000100000000)
  region size 1024K, 50 young (51200K), 4 survivors (4096K)
 Metaspace       used 96129K, committed 98240K, reserved 1179648K
  class space    used 13221K, committed 14272K, reserved 1048576K
}
Event: 30.156 GC heap after
{Heap after GC invocations=32 (full 0):
 garbage-first heap   total 134144K, used 76921K [0x0000000080000000, 0x0000000100000000)
  region size 1024K, 5 young (5120K), 5 survivors (5120K)
 Metaspace       used 96129K, committed 98240K, reserved 1179648K
  class space    used 13221K, committed 14272K, reserved 1048576K
}
Event: 31.359 GC heap before
{Heap before GC invocations=32 (full 0):
 garbage-first heap   total 134144K, used 119929K [0x0000000080000000, 0x0000000100000000)
  region size 1024K, 47 young (48128K), 5 survivors (5120K)
 Metaspace       used 99785K, committed 101952K, reserved 1179648K
  class space    used 13696K, committed 14784K, reserved 1048576K
}
Event: 31.381 GC heap after
{Heap after GC invocations=33 (full 0):
 garbage-first heap   total 134144K, used 80216K [0x0000000080000000, 0x0000000100000000)
  region size 1024K, 6 young (6144K), 6 survivors (6144K)
 Metaspace       used 99785K, committed 101952K, reserved 1179648K
  class space    used 13696K, committed 14784K, reserved 1048576K
}
Event: 33.305 GC heap before
{Heap before GC invocations=33 (full 0):
 garbage-first heap   total 134144K, used 118104K [0x0000000080000000, 0x0000000100000000)
  region size 1024K, 44 young (45056K), 6 survivors (6144K)
 Metaspace       used 102142K, committed 104320K, reserved 1179648K
  class space    used 14061K, committed 15168K, reserved 1048576K
}
Event: 33.328 GC heap after
{Heap after GC invocations=34 (full 0):
 garbage-first heap   total 134144K, used 83441K [0x0000000080000000, 0x0000000100000000)
  region size 1024K, 4 young (4096K), 4 survivors (4096K)
 Metaspace       used 102142K, committed 104320K, reserved 1179648K
  class space    used 14061K, committed 15168K, reserved 1048576K
}
Event: 34.870 GC heap before
{Heap before GC invocations=35 (full 0):
 garbage-first heap   total 140288K, used 127473K [0x0000000080000000, 0x0000000100000000)
  region size 1024K, 41 young (41984K), 4 survivors (4096K)
 Metaspace       used 104358K, committed 106496K, reserved 1179648K
  class space    used 14256K, committed 15296K, reserved 1048576K
}
Event: 34.891 GC heap after
{Heap after GC invocations=36 (full 0):
 garbage-first heap   total 140288K, used 91035K [0x0000000080000000, 0x0000000100000000)
  region size 1024K, 6 young (6144K), 6 survivors (6144K)
 Metaspace       used 104358K, committed 106496K, reserved 1179648K
  class space    used 14256K, committed 15296K, reserved 1048576K
}
Event: 37.089 GC heap before
{Heap before GC invocations=36 (full 0):
 garbage-first heap   total 140288K, used 124827K [0x0000000080000000, 0x0000000100000000)
  region size 1024K, 40 young (40960K), 6 survivors (6144K)
 Metaspace       used 105783K, committed 107904K, reserved 1179648K
  class space    used 14413K, committed 15488K, reserved 1048576K
}
Event: 37.124 GC heap after
{Heap after GC invocations=37 (full 0):
 garbage-first heap   total 174080K, used 100864K [0x0000000080000000, 0x0000000100000000)
  region size 1024K, 5 young (5120K), 5 survivors (5120K)
 Metaspace       used 105783K, committed 107904K, reserved 1179648K
  class space    used 14413K, committed 15488K, reserved 1048576K
}
Event: 38.916 GC heap before
{Heap before GC invocations=37 (full 0):
 garbage-first heap   total 174080K, used 162304K [0x0000000080000000, 0x0000000100000000)
  region size 1024K, 51 young (52224K), 5 survivors (5120K)
 Metaspace       used 108218K, committed 110336K, reserved 1179648K
  class space    used 14673K, committed 15744K, reserved 1048576K
}
Event: 38.947 GC heap after
{Heap after GC invocations=38 (full 0):
 garbage-first heap   total 177152K, used 109568K [0x0000000080000000, 0x0000000100000000)
  region size 1024K, 7 young (7168K), 7 survivors (7168K)
 Metaspace       used 108218K, committed 110336K, reserved 1179648K
  class space    used 14673K, committed 15744K, reserved 1048576K
}
Event: 47.705 GC heap before
{Heap before GC invocations=38 (full 0):
 garbage-first heap   total 177152K, used 151552K [0x0000000080000000, 0x0000000100000000)
  region size 1024K, 49 young (50176K), 7 survivors (7168K)
 Metaspace       used 109163K, committed 111360K, reserved 1179648K
  class space    used 14775K, committed 15872K, reserved 1048576K
}
Event: 47.731 GC heap after
{Heap after GC invocations=39 (full 0):
 garbage-first heap   total 177152K, used 113664K [0x0000000080000000, 0x0000000100000000)
  region size 1024K, 4 young (4096K), 4 survivors (4096K)
 Metaspace       used 109163K, committed 111360K, reserved 1179648K
  class space    used 14775K, committed 15872K, reserved 1048576K
}
Event: 49.844 GC heap before
{Heap before GC invocations=39 (full 0):
 garbage-first heap   total 177152K, used 154624K [0x0000000080000000, 0x0000000100000000)
  region size 1024K, 46 young (47104K), 4 survivors (4096K)
 Metaspace       used 110432K, committed 112576K, reserved 1179648K
  class space    used 14919K, committed 16000K, reserved 1048576K
}
Event: 49.860 GC heap after
{Heap after GC invocations=40 (full 0):
 garbage-first heap   total 177152K, used 116082K [0x0000000080000000, 0x0000000100000000)
  region size 1024K, 6 young (6144K), 6 survivors (6144K)
 Metaspace       used 110432K, committed 112576K, reserved 1179648K
  class space    used 14919K, committed 16000K, reserved 1048576K
}
Event: 49.873 GC heap before
{Heap before GC invocations=40 (full 0):
 garbage-first heap   total 177152K, used 118130K [0x0000000080000000, 0x0000000100000000)
  region size 1024K, 7 young (7168K), 6 survivors (6144K)
 Metaspace       used 110460K, committed 112640K, reserved 1179648K
  class space    used 14924K, committed 16000K, reserved 1048576K
}
Event: 49.889 GC heap after
{Heap after GC invocations=41 (full 0):
 garbage-first heap   total 177152K, used 118802K [0x0000000080000000, 0x0000000100000000)
  region size 1024K, 4 young (4096K), 4 survivors (4096K)
 Metaspace       used 110460K, committed 112640K, reserved 1179648K
  class space    used 14924K, committed 16000K, reserved 1048576K
}
Event: 51.521 GC heap before
{Heap before GC invocations=42 (full 0):
 garbage-first heap   total 184320K, used 182290K [0x0000000080000000, 0x0000000100000000)
  region size 1024K, 41 young (41984K), 4 survivors (4096K)
 Metaspace       used 113791K, committed 115904K, reserved 1179648K
  class space    used 15402K, committed 16448K, reserved 1048576K
}

